CRITICAL - 2022-09-06 09:14:22 --> Class 'App\Libraries\Autenticacao' not found
in APPPATH/Config/Services.php on line 29.
 1 SYSTEMPATH/Config/BaseService.php(194): Config\Services::autenticacao()
 2 APPPATH/Config/Services.php(26): CodeIgniter\Config\BaseService::getSharedInstance()
 3 SYSTEMPATH/Common.php(962): Config\Services::autenticacao()
 4 APPPATH/Controllers/Admin/Usuarios.php(22): service()
 5 SYSTEMPATH/CodeIgniter.php(904): App\Controllers\Admin\Usuarios->index()
 6 SYSTEMPATH/CodeIgniter.php(457): CodeIgniter\CodeIgniter->runController()
 7 SYSTEMPATH/CodeIgniter.php(340): CodeIgniter\CodeIgniter->handleRequest()
 8 FCPATH/index.php(67): CodeIgniter\CodeIgniter->run()
 9 SYSTEMPATH/Commands/Server/rewrite.php(43): require_once('FCPATH/index.php')
CRITICAL - 2022-09-06 09:30:54 --> syntax error, unexpected '.'
in APPPATH/Views/Login/novo.php on line 32.
 1 SYSTEMPATH/View/View.php(216): CodeIgniter\View\View->CodeIgniter\View\{closure}()
 2 SYSTEMPATH/Common.php(1137): CodeIgniter\View\View->render()
 3 APPPATH/Controllers/Login.php(18): view()
 4 SYSTEMPATH/CodeIgniter.php(904): App\Controllers\Login->novo()
 5 SYSTEMPATH/CodeIgniter.php(457): CodeIgniter\CodeIgniter->runController()
 6 SYSTEMPATH/CodeIgniter.php(340): CodeIgniter\CodeIgniter->handleRequest()
 7 FCPATH/index.php(67): CodeIgniter\CodeIgniter->run()
 8 SYSTEMPATH/Commands/Server/rewrite.php(43): require_once('FCPATH/index.php')
CRITICAL - 2022-09-06 09:30:54 --> syntax error, unexpected '.'
in APPPATH/Views/Login/novo.php on line 32.
 1 SYSTEMPATH/View/View.php(216): CodeIgniter\View\View->CodeIgniter\View\{closure}()
 2 SYSTEMPATH/Common.php(1137): CodeIgniter\View\View->render()
 3 APPPATH/Controllers/Login.php(18): view()
 4 SYSTEMPATH/CodeIgniter.php(904): App\Controllers\Login->novo()
 5 SYSTEMPATH/CodeIgniter.php(457): CodeIgniter\CodeIgniter->runController()
 6 SYSTEMPATH/CodeIgniter.php(340): CodeIgniter\CodeIgniter->handleRequest()
 7 FCPATH/index.php(67): CodeIgniter\CodeIgniter->run()
 8 SYSTEMPATH/Commands/Server/rewrite.php(43): require_once('FCPATH/index.php')
CRITICAL - 2022-09-06 09:30:55 --> syntax error, unexpected '.'
in APPPATH/Views/Login/novo.php on line 32.
 1 SYSTEMPATH/View/View.php(216): CodeIgniter\View\View->CodeIgniter\View\{closure}()
 2 SYSTEMPATH/Common.php(1137): CodeIgniter\View\View->render()
 3 APPPATH/Controllers/Login.php(18): view()
 4 SYSTEMPATH/CodeIgniter.php(904): App\Controllers\Login->novo()
 5 SYSTEMPATH/CodeIgniter.php(457): CodeIgniter\CodeIgniter->runController()
 6 SYSTEMPATH/CodeIgniter.php(340): CodeIgniter\CodeIgniter->handleRequest()
 7 FCPATH/index.php(67): CodeIgniter\CodeIgniter->run()
 8 SYSTEMPATH/Commands/Server/rewrite.php(43): require_once('FCPATH/index.php')
CRITICAL - 2022-09-06 09:31:35 --> Undefined variable: site_url
in APPPATH/Views/Login/novo.php on line 32.
 1 APPPATH/Views/Login/novo.php(32): CodeIgniter\Debug\Exceptions->errorHandler()
 2 SYSTEMPATH/View/View.php(213): include('APPPATH/Views/Login/novo.php')
 3 SYSTEMPATH/View/View.php(216): CodeIgniter\View\View->CodeIgniter\View\{closure}()
 4 SYSTEMPATH/Common.php(1137): CodeIgniter\View\View->render()
 5 APPPATH/Controllers/Login.php(18): view()
 6 SYSTEMPATH/CodeIgniter.php(904): App\Controllers\Login->novo()
 7 SYSTEMPATH/CodeIgniter.php(457): CodeIgniter\CodeIgniter->runController()
 8 SYSTEMPATH/CodeIgniter.php(340): CodeIgniter\CodeIgniter->handleRequest()
 9 FCPATH/index.php(67): CodeIgniter\CodeIgniter->run()
10 SYSTEMPATH/Commands/Server/rewrite.php(43): require_once('FCPATH/index.php')
CRITICAL - 2022-09-06 09:31:36 --> Undefined variable: site_url
in APPPATH/Views/Login/novo.php on line 32.
 1 APPPATH/Views/Login/novo.php(32): CodeIgniter\Debug\Exceptions->errorHandler()
 2 SYSTEMPATH/View/View.php(213): include('APPPATH/Views/Login/novo.php')
 3 SYSTEMPATH/View/View.php(216): CodeIgniter\View\View->CodeIgniter\View\{closure}()
 4 SYSTEMPATH/Common.php(1137): CodeIgniter\View\View->render()
 5 APPPATH/Controllers/Login.php(18): view()
 6 SYSTEMPATH/CodeIgniter.php(904): App\Controllers\Login->novo()
 7 SYSTEMPATH/CodeIgniter.php(457): CodeIgniter\CodeIgniter->runController()
 8 SYSTEMPATH/CodeIgniter.php(340): CodeIgniter\CodeIgniter->handleRequest()
 9 FCPATH/index.php(67): CodeIgniter\CodeIgniter->run()
10 SYSTEMPATH/Commands/Server/rewrite.php(43): require_once('FCPATH/index.php')
CRITICAL - 2022-09-06 09:31:36 --> Undefined variable: site_url
in APPPATH/Views/Login/novo.php on line 32.
 1 APPPATH/Views/Login/novo.php(32): CodeIgniter\Debug\Exceptions->errorHandler()
 2 SYSTEMPATH/View/View.php(213): include('APPPATH/Views/Login/novo.php')
 3 SYSTEMPATH/View/View.php(216): CodeIgniter\View\View->CodeIgniter\View\{closure}()
 4 SYSTEMPATH/Common.php(1137): CodeIgniter\View\View->render()
 5 APPPATH/Controllers/Login.php(18): view()
 6 SYSTEMPATH/CodeIgniter.php(904): App\Controllers\Login->novo()
 7 SYSTEMPATH/CodeIgniter.php(457): CodeIgniter\CodeIgniter->runController()
 8 SYSTEMPATH/CodeIgniter.php(340): CodeIgniter\CodeIgniter->handleRequest()
 9 FCPATH/index.php(67): CodeIgniter\CodeIgniter->run()
10 SYSTEMPATH/Commands/Server/rewrite.php(43): require_once('FCPATH/index.php')
CRITICAL - 2022-09-06 11:57:30 --> Class 'App\Libraries\Autenticacao' not found
in APPPATH/Config/Services.php on line 29.
 1 SYSTEMPATH/Config/BaseService.php(194): Config\Services::autenticacao()
 2 APPPATH/Config/Services.php(26): CodeIgniter\Config\BaseService::getSharedInstance()
 3 SYSTEMPATH/Common.php(962): Config\Services::autenticacao()
 4 APPPATH/Controllers/Admin/Usuarios.php(22): service()
 5 SYSTEMPATH/CodeIgniter.php(904): App\Controllers\Admin\Usuarios->index()
 6 SYSTEMPATH/CodeIgniter.php(457): CodeIgniter\CodeIgniter->runController()
 7 SYSTEMPATH/CodeIgniter.php(340): CodeIgniter\CodeIgniter->handleRequest()
 8 FCPATH/index.php(67): CodeIgniter\CodeIgniter->run()
 9 SYSTEMPATH/Commands/Server/rewrite.php(43): require_once('FCPATH/index.php')
CRITICAL - 2022-09-06 12:35:34 --> syntax error, unexpected '}'
in APPPATH/Controllers/Login.php on line 36.
 1 SYSTEMPATH/Router/Router.php(499): CodeIgniter\Router\AutoRouter->getRoute()
 2 SYSTEMPATH/Router/Router.php(205): CodeIgniter\Router\Router->autoRoute()
 3 SYSTEMPATH/CodeIgniter.php(779): CodeIgniter\Router\Router->handle()
 4 SYSTEMPATH/CodeIgniter.php(406): CodeIgniter\CodeIgniter->tryToRouteIt()
 5 SYSTEMPATH/CodeIgniter.php(340): CodeIgniter\CodeIgniter->handleRequest()
 6 FCPATH/index.php(67): CodeIgniter\CodeIgniter->run()
 7 SYSTEMPATH/Commands/Server/rewrite.php(43): require_once('FCPATH/index.php')
CRITICAL - 2022-09-06 12:35:43 --> Class 'App\Libraries\Autenticacao' not found
in APPPATH/Config/Services.php on line 29.
 1 SYSTEMPATH/Config/BaseService.php(194): Config\Services::autenticacao()
 2 APPPATH/Config/Services.php(26): CodeIgniter\Config\BaseService::getSharedInstance()
 3 APPPATH/Controllers/Login.php(28): Config\Services::autenticacao()
 4 SYSTEMPATH/CodeIgniter.php(904): App\Controllers\Login->criar()
 5 SYSTEMPATH/CodeIgniter.php(457): CodeIgniter\CodeIgniter->runController()
 6 SYSTEMPATH/CodeIgniter.php(340): CodeIgniter\CodeIgniter->handleRequest()
 7 FCPATH/index.php(67): CodeIgniter\CodeIgniter->run()
 8 SYSTEMPATH/Commands/Server/rewrite.php(43): require_once('FCPATH/index.php')
CRITICAL - 2022-09-06 12:35:54 --> Class 'App\Libraries\Autenticacao' not found
in APPPATH/Config/Services.php on line 29.
 1 SYSTEMPATH/Config/BaseService.php(194): Config\Services::autenticacao()
 2 APPPATH/Config/Services.php(26): CodeIgniter\Config\BaseService::getSharedInstance()
 3 APPPATH/Controllers/Login.php(28): Config\Services::autenticacao()
 4 SYSTEMPATH/CodeIgniter.php(904): App\Controllers\Login->criar()
 5 SYSTEMPATH/CodeIgniter.php(457): CodeIgniter\CodeIgniter->runController()
 6 SYSTEMPATH/CodeIgniter.php(340): CodeIgniter\CodeIgniter->handleRequest()
 7 FCPATH/index.php(67): CodeIgniter\CodeIgniter->run()
 8 SYSTEMPATH/Commands/Server/rewrite.php(43): require_once('FCPATH/index.php')
CRITICAL - 2022-09-06 12:41:03 --> Class 'App\Libraries\App\Models\UsuarioModel' not found
in APPPATH/Libraries/Autenticacao.php on line 19.
 1 APPPATH/Controllers/Login.php(31): App\Libraries\Autenticacao->login()
 2 SYSTEMPATH/CodeIgniter.php(904): App\Controllers\Login->criar()
 3 SYSTEMPATH/CodeIgniter.php(457): CodeIgniter\CodeIgniter->runController()
 4 SYSTEMPATH/CodeIgniter.php(340): CodeIgniter\CodeIgniter->handleRequest()
 5 FCPATH/index.php(67): CodeIgniter\CodeIgniter->run()
 6 SYSTEMPATH/Commands/Server/rewrite.php(43): require_once('FCPATH/index.php')
CRITICAL - 2022-09-06 12:41:35 --> Too few arguments to function App\Models\UsuarioModel::buscaUsuarioPorEmail(), 0 passed in /var/www/html/sistemaFood/app/Libraries/Autenticacao.php on line 21 and exactly 1 expected
in APPPATH/Models/UsuarioModel.php on line 116.
 1 APPPATH/Libraries/Autenticacao.php(21): App\Models\UsuarioModel->buscaUsuarioPorEmail()
 2 APPPATH/Controllers/Login.php(31): App\Libraries\Autenticacao->login()
 3 SYSTEMPATH/CodeIgniter.php(904): App\Controllers\Login->criar()
 4 SYSTEMPATH/CodeIgniter.php(457): CodeIgniter\CodeIgniter->runController()
 5 SYSTEMPATH/CodeIgniter.php(340): CodeIgniter\CodeIgniter->handleRequest()
 6 FCPATH/index.php(67): CodeIgniter\CodeIgniter->run()
 7 SYSTEMPATH/Commands/Server/rewrite.php(43): require_once('FCPATH/index.php')
CRITICAL - 2022-09-06 12:42:01 --> Too few arguments to function App\Models\UsuarioModel::buscaUsuarioPorEmail(), 0 passed in /var/www/html/sistemaFood/app/Libraries/Autenticacao.php on line 21 and exactly 1 expected
in APPPATH/Models/UsuarioModel.php on line 116.
 1 APPPATH/Libraries/Autenticacao.php(21): App\Models\UsuarioModel->buscaUsuarioPorEmail()
 2 APPPATH/Controllers/Login.php(31): App\Libraries\Autenticacao->login()
 3 SYSTEMPATH/CodeIgniter.php(904): App\Controllers\Login->criar()
 4 SYSTEMPATH/CodeIgniter.php(457): CodeIgniter\CodeIgniter->runController()
 5 SYSTEMPATH/CodeIgniter.php(340): CodeIgniter\CodeIgniter->handleRequest()
 6 FCPATH/index.php(67): CodeIgniter\CodeIgniter->run()
 7 SYSTEMPATH/Commands/Server/rewrite.php(43): require_once('FCPATH/index.php')
CRITICAL - 2022-09-06 12:51:48 --> Undefined variable: object
in APPPATH/Libraries/Autenticacao.php on line 48.
 1 APPPATH/Libraries/Autenticacao.php(48): CodeIgniter\Debug\Exceptions->errorHandler()
 2 APPPATH/Controllers/Login.php(31): App\Libraries\Autenticacao->login()
 3 SYSTEMPATH/CodeIgniter.php(904): App\Controllers\Login->criar()
 4 SYSTEMPATH/CodeIgniter.php(457): CodeIgniter\CodeIgniter->runController()
 5 SYSTEMPATH/CodeIgniter.php(340): CodeIgniter\CodeIgniter->handleRequest()
 6 FCPATH/index.php(67): CodeIgniter\CodeIgniter->run()
 7 SYSTEMPATH/Commands/Server/rewrite.php(43): require_once('FCPATH/index.php')
CRITICAL - 2022-09-06 12:53:56 --> syntax error, unexpected '$usuario' (T_VARIABLE), expecting ')'
in APPPATH/Libraries/Autenticacao.php on line 48.
 1 SYSTEMPATH/Autoloader/Autoloader.php(259): CodeIgniter\Autoloader\Autoloader->includeFile()
 2 SYSTEMPATH/Autoloader/Autoloader.php(237): CodeIgniter\Autoloader\Autoloader->loadInNamespace()
 3 [internal function]: CodeIgniter\Autoloader\Autoloader->loadClass()
 4 APPPATH/Config/Services.php(29): spl_autoload_call()
 5 SYSTEMPATH/Config/BaseService.php(194): Config\Services::autenticacao()
 6 APPPATH/Config/Services.php(26): CodeIgniter\Config\BaseService::getSharedInstance()
 7 APPPATH/Controllers/Login.php(28): Config\Services::autenticacao()
 8 SYSTEMPATH/CodeIgniter.php(904): App\Controllers\Login->criar()
 9 SYSTEMPATH/CodeIgniter.php(457): CodeIgniter\CodeIgniter->runController()
10 SYSTEMPATH/CodeIgniter.php(340): CodeIgniter\CodeIgniter->handleRequest()
11 FCPATH/index.php(67): CodeIgniter\CodeIgniter->run()
12 SYSTEMPATH/Commands/Server/rewrite.php(43): require_once('FCPATH/index.php')
CRITICAL - 2022-09-06 12:55:07 --> Class 'App\Libraries\App\Models\UsuarioModel' not found
in APPPATH/Libraries/Autenticacao.php on line 97.
 1 APPPATH/Libraries/Autenticacao.php(67): App\Libraries\Autenticacao->pegaUsuarioSessao()
 2 APPPATH/Controllers/Login.php(33): App\Libraries\Autenticacao->pegaUsuarioLogado()
 3 SYSTEMPATH/CodeIgniter.php(904): App\Controllers\Login->criar()
 4 SYSTEMPATH/CodeIgniter.php(457): CodeIgniter\CodeIgniter->runController()
 5 SYSTEMPATH/CodeIgniter.php(340): CodeIgniter\CodeIgniter->handleRequest()
 6 FCPATH/index.php(67): CodeIgniter\CodeIgniter->run()
 7 SYSTEMPATH/Commands/Server/rewrite.php(43): require_once('FCPATH/index.php')
CRITICAL - 2022-09-06 12:55:23 --> Undefined variable: usario
in APPPATH/Libraries/Autenticacao.php on line 104.
 1 APPPATH/Libraries/Autenticacao.php(104): CodeIgniter\Debug\Exceptions->errorHandler()
 2 APPPATH/Libraries/Autenticacao.php(67): App\Libraries\Autenticacao->pegaUsuarioSessao()
 3 APPPATH/Controllers/Login.php(33): App\Libraries\Autenticacao->pegaUsuarioLogado()
 4 SYSTEMPATH/CodeIgniter.php(904): App\Controllers\Login->criar()
 5 SYSTEMPATH/CodeIgniter.php(457): CodeIgniter\CodeIgniter->runController()
 6 SYSTEMPATH/CodeIgniter.php(340): CodeIgniter\CodeIgniter->handleRequest()
 7 FCPATH/index.php(67): CodeIgniter\CodeIgniter->run()
 8 SYSTEMPATH/Commands/Server/rewrite.php(43): require_once('FCPATH/index.php')
CRITICAL - 2022-09-06 12:55:52 --> Undefined variable: usuario
in APPPATH/Libraries/Autenticacao.php on line 73.
 1 APPPATH/Libraries/Autenticacao.php(73): CodeIgniter\Debug\Exceptions->errorHandler()
 2 APPPATH/Controllers/Login.php(33): App\Libraries\Autenticacao->pegaUsuarioLogado()
 3 SYSTEMPATH/CodeIgniter.php(904): App\Controllers\Login->criar()
 4 SYSTEMPATH/CodeIgniter.php(457): CodeIgniter\CodeIgniter->runController()
 5 SYSTEMPATH/CodeIgniter.php(340): CodeIgniter\CodeIgniter->handleRequest()
 6 FCPATH/index.php(67): CodeIgniter\CodeIgniter->run()
 7 SYSTEMPATH/Commands/Server/rewrite.php(43): require_once('FCPATH/index.php')
CRITICAL - 2022-09-06 12:57:20 --> Argument 1 passed to CodeIgniter\HTTP\RedirectResponse::back() must be of the type int or null, string given, called in /var/www/html/sistemaFood/app/Controllers/Login.php on line 39
in SYSTEMPATH/HTTP/RedirectResponse.php on line 74.
 1 APPPATH/Controllers/Login.php(39): CodeIgniter\HTTP\RedirectResponse->back()
 2 SYSTEMPATH/CodeIgniter.php(904): App\Controllers\Login->criar()
 3 SYSTEMPATH/CodeIgniter.php(457): CodeIgniter\CodeIgniter->runController()
 4 SYSTEMPATH/CodeIgniter.php(340): CodeIgniter\CodeIgniter->handleRequest()
 5 FCPATH/index.php(67): CodeIgniter\CodeIgniter->run()
 6 SYSTEMPATH/Commands/Server/rewrite.php(43): require_once('FCPATH/index.php')
CRITICAL - 2022-09-06 13:01:46 --> syntax error, unexpected '}', expecting ';'
in APPPATH/Controllers/Login.php on line 37.
 1 SYSTEMPATH/Autoloader/Autoloader.php(259): CodeIgniter\Autoloader\Autoloader->includeFile()
 2 SYSTEMPATH/Autoloader/Autoloader.php(237): CodeIgniter\Autoloader\Autoloader->loadInNamespace()
 3 [internal function]: CodeIgniter\Autoloader\Autoloader->loadClass()
 4 [internal function]: spl_autoload_call()
 5 SYSTEMPATH/CodeIgniter.php(854): class_exists()
 6 SYSTEMPATH/CodeIgniter.php(444): CodeIgniter\CodeIgniter->startController()
 7 SYSTEMPATH/CodeIgniter.php(340): CodeIgniter\CodeIgniter->handleRequest()
 8 FCPATH/index.php(67): CodeIgniter\CodeIgniter->run()
 9 SYSTEMPATH/Commands/Server/rewrite.php(43): require_once('FCPATH/index.php')
CRITICAL - 2022-09-06 13:04:29 --> Call to undefined function App\Controllers\services()
in APPPATH/Controllers/Login.php on line 57.
 1 SYSTEMPATH/CodeIgniter.php(904): App\Controllers\Login->logout()
 2 SYSTEMPATH/CodeIgniter.php(457): CodeIgniter\CodeIgniter->runController()
 3 SYSTEMPATH/CodeIgniter.php(340): CodeIgniter\CodeIgniter->handleRequest()
 4 FCPATH/index.php(67): CodeIgniter\CodeIgniter->run()
 5 SYSTEMPATH/Commands/Server/rewrite.php(43): require_once('FCPATH/index.php')
CRITICAL - 2022-09-06 13:07:20 --> Call to undefined function App\Controllers\site__url()
in APPPATH/Controllers/Login.php on line 35.
 1 SYSTEMPATH/CodeIgniter.php(904): App\Controllers\Login->criar()
 2 SYSTEMPATH/CodeIgniter.php(457): CodeIgniter\CodeIgniter->runController()
 3 SYSTEMPATH/CodeIgniter.php(340): CodeIgniter\CodeIgniter->handleRequest()
 4 FCPATH/index.php(67): CodeIgniter\CodeIgniter->run()
 5 SYSTEMPATH/Commands/Server/rewrite.php(43): require_once('FCPATH/index.php')
CRITICAL - 2022-09-06 13:07:29 --> Call to undefined function App\Controllers\site__url()
in APPPATH/Controllers/Login.php on line 35.
 1 SYSTEMPATH/CodeIgniter.php(904): App\Controllers\Login->criar()
 2 SYSTEMPATH/CodeIgniter.php(457): CodeIgniter\CodeIgniter->runController()
 3 SYSTEMPATH/CodeIgniter.php(340): CodeIgniter\CodeIgniter->handleRequest()
 4 FCPATH/index.php(67): CodeIgniter\CodeIgniter->run()
 5 SYSTEMPATH/Commands/Server/rewrite.php(43): require_once('FCPATH/index.php')
CRITICAL - 2022-09-06 13:07:31 --> Call to undefined function App\Controllers\site__url()
in APPPATH/Controllers/Login.php on line 35.
 1 SYSTEMPATH/CodeIgniter.php(904): App\Controllers\Login->criar()
 2 SYSTEMPATH/CodeIgniter.php(457): CodeIgniter\CodeIgniter->runController()
 3 SYSTEMPATH/CodeIgniter.php(340): CodeIgniter\CodeIgniter->handleRequest()
 4 FCPATH/index.php(67): CodeIgniter\CodeIgniter->run()
 5 SYSTEMPATH/Commands/Server/rewrite.php(43): require_once('FCPATH/index.php')
CRITICAL - 2022-09-06 13:07:43 --> Call to undefined function App\Controllers\site__url()
in APPPATH/Controllers/Login.php on line 35.
 1 SYSTEMPATH/CodeIgniter.php(904): App\Controllers\Login->criar()
 2 SYSTEMPATH/CodeIgniter.php(457): CodeIgniter\CodeIgniter->runController()
 3 SYSTEMPATH/CodeIgniter.php(340): CodeIgniter\CodeIgniter->handleRequest()
 4 FCPATH/index.php(67): CodeIgniter\CodeIgniter->run()
 5 SYSTEMPATH/Commands/Server/rewrite.php(43): require_once('FCPATH/index.php')
CRITICAL - 2022-09-06 13:08:02 --> Call to undefined function App\Controllers\site__url()
in APPPATH/Controllers/Login.php on line 35.
 1 SYSTEMPATH/CodeIgniter.php(904): App\Controllers\Login->criar()
 2 SYSTEMPATH/CodeIgniter.php(457): CodeIgniter\CodeIgniter->runController()
 3 SYSTEMPATH/CodeIgniter.php(340): CodeIgniter\CodeIgniter->handleRequest()
 4 FCPATH/index.php(67): CodeIgniter\CodeIgniter->run()
 5 SYSTEMPATH/Commands/Server/rewrite.php(43): require_once('FCPATH/index.php')
CRITICAL - 2022-09-06 13:28:48 --> Call to undefined function App\Controllers\site__url()
in APPPATH/Controllers/Login.php on line 35.
 1 SYSTEMPATH/CodeIgniter.php(904): App\Controllers\Login->criar()
 2 SYSTEMPATH/CodeIgniter.php(457): CodeIgniter\CodeIgniter->runController()
 3 SYSTEMPATH/CodeIgniter.php(340): CodeIgniter\CodeIgniter->handleRequest()
 4 FCPATH/index.php(67): CodeIgniter\CodeIgniter->run()
 5 SYSTEMPATH/Commands/Server/rewrite.php(43): require_once('FCPATH/index.php')
CRITICAL - 2022-09-06 13:29:10 --> Call to undefined function App\Controllers\site__url()
in APPPATH/Controllers/Login.php on line 35.
 1 SYSTEMPATH/CodeIgniter.php(904): App\Controllers\Login->criar()
 2 SYSTEMPATH/CodeIgniter.php(457): CodeIgniter\CodeIgniter->runController()
 3 SYSTEMPATH/CodeIgniter.php(340): CodeIgniter\CodeIgniter->handleRequest()
 4 FCPATH/index.php(67): CodeIgniter\CodeIgniter->run()
 5 SYSTEMPATH/Commands/Server/rewrite.php(43): require_once('FCPATH/index.php')
CRITICAL - 2022-09-06 13:38:58 --> Call to undefined method App\Libraries\Autenticacao::estaLogado()
in APPPATH/Filters/LoginFilter.php on line 29.
 1 SYSTEMPATH/Filters/Filters.php(173): App\Filters\LoginFilter->before()
 2 SYSTEMPATH/CodeIgniter.php(431): CodeIgniter\Filters\Filters->run()
 3 SYSTEMPATH/CodeIgniter.php(340): CodeIgniter\CodeIgniter->handleRequest()
 4 FCPATH/index.php(67): CodeIgniter\CodeIgniter->run()
 5 SYSTEMPATH/Commands/Server/rewrite.php(43): require_once('FCPATH/index.php')
CRITICAL - 2022-09-06 13:39:24 --> Call to undefined method App\Libraries\Autenticacao::estaLogado()
in APPPATH/Filters/LoginFilter.php on line 29.
 1 SYSTEMPATH/Filters/Filters.php(173): App\Filters\LoginFilter->before()
 2 SYSTEMPATH/CodeIgniter.php(431): CodeIgniter\Filters\Filters->run()
 3 SYSTEMPATH/CodeIgniter.php(340): CodeIgniter\CodeIgniter->handleRequest()
 4 FCPATH/index.php(67): CodeIgniter\CodeIgniter->run()
 5 SYSTEMPATH/Commands/Server/rewrite.php(43): require_once('FCPATH/index.php')
CRITICAL - 2022-09-06 13:39:26 --> Call to undefined method App\Libraries\Autenticacao::estaLogado()
in APPPATH/Filters/LoginFilter.php on line 29.
 1 SYSTEMPATH/Filters/Filters.php(173): App\Filters\LoginFilter->before()
 2 SYSTEMPATH/CodeIgniter.php(431): CodeIgniter\Filters\Filters->run()
 3 SYSTEMPATH/CodeIgniter.php(340): CodeIgniter\CodeIgniter->handleRequest()
 4 FCPATH/index.php(67): CodeIgniter\CodeIgniter->run()
 5 SYSTEMPATH/Commands/Server/rewrite.php(43): require_once('FCPATH/index.php')
CRITICAL - 2022-09-06 13:40:08 --> Argument 1 passed to App\Controllers\Admin\Usuarios::buscaUsuarioOu404() must be of the type int or null, string given, called in /var/www/html/sistemaFood/app/Controllers/Admin/Usuarios.php on line 112
in APPPATH/Controllers/Admin/Usuarios.php on line 259.
 1 APPPATH/Controllers/Admin/Usuarios.php(112): App\Controllers\Admin\Usuarios->buscaUsuarioOu404()
 2 SYSTEMPATH/CodeIgniter.php(904): App\Controllers\Admin\Usuarios->show()
 3 SYSTEMPATH/CodeIgniter.php(457): CodeIgniter\CodeIgniter->runController()
 4 SYSTEMPATH/CodeIgniter.php(340): CodeIgniter\CodeIgniter->handleRequest()
 5 FCPATH/index.php(67): CodeIgniter\CodeIgniter->run()
 6 SYSTEMPATH/Commands/Server/rewrite.php(43): require_once('FCPATH/index.php')
CRITICAL - 2022-09-06 13:40:08 --> Argument 1 passed to App\Controllers\Admin\Usuarios::buscaUsuarioOu404() must be of the type int or null, string given, called in /var/www/html/sistemaFood/app/Controllers/Admin/Usuarios.php on line 112
in APPPATH/Controllers/Admin/Usuarios.php on line 259.
 1 APPPATH/Controllers/Admin/Usuarios.php(112): App\Controllers\Admin\Usuarios->buscaUsuarioOu404()
 2 SYSTEMPATH/CodeIgniter.php(904): App\Controllers\Admin\Usuarios->show()
 3 SYSTEMPATH/CodeIgniter.php(457): CodeIgniter\CodeIgniter->runController()
 4 SYSTEMPATH/CodeIgniter.php(340): CodeIgniter\CodeIgniter->handleRequest()
 5 FCPATH/index.php(67): CodeIgniter\CodeIgniter->run()
 6 SYSTEMPATH/Commands/Server/rewrite.php(43): require_once('FCPATH/index.php')
CRITICAL - 2022-09-06 13:40:08 --> Argument 1 passed to App\Controllers\Admin\Usuarios::buscaUsuarioOu404() must be of the type int or null, string given, called in /var/www/html/sistemaFood/app/Controllers/Admin/Usuarios.php on line 112
in APPPATH/Controllers/Admin/Usuarios.php on line 259.
 1 APPPATH/Controllers/Admin/Usuarios.php(112): App\Controllers\Admin\Usuarios->buscaUsuarioOu404()
 2 SYSTEMPATH/CodeIgniter.php(904): App\Controllers\Admin\Usuarios->show()
 3 SYSTEMPATH/CodeIgniter.php(457): CodeIgniter\CodeIgniter->runController()
 4 SYSTEMPATH/CodeIgniter.php(340): CodeIgniter\CodeIgniter->handleRequest()
 5 FCPATH/index.php(67): CodeIgniter\CodeIgniter->run()
 6 SYSTEMPATH/Commands/Server/rewrite.php(43): require_once('FCPATH/index.php')
CRITICAL - 2022-09-06 13:40:08 --> Argument 1 passed to App\Controllers\Admin\Usuarios::buscaUsuarioOu404() must be of the type int or null, string given, called in /var/www/html/sistemaFood/app/Controllers/Admin/Usuarios.php on line 112
in APPPATH/Controllers/Admin/Usuarios.php on line 259.
 1 APPPATH/Controllers/Admin/Usuarios.php(112): App\Controllers\Admin\Usuarios->buscaUsuarioOu404()
 2 SYSTEMPATH/CodeIgniter.php(904): App\Controllers\Admin\Usuarios->show()
 3 SYSTEMPATH/CodeIgniter.php(457): CodeIgniter\CodeIgniter->runController()
 4 SYSTEMPATH/CodeIgniter.php(340): CodeIgniter\CodeIgniter->handleRequest()
 5 FCPATH/index.php(67): CodeIgniter\CodeIgniter->run()
 6 SYSTEMPATH/Commands/Server/rewrite.php(43): require_once('FCPATH/index.php')
CRITICAL - 2022-09-06 13:40:08 --> Argument 1 passed to App\Controllers\Admin\Usuarios::buscaUsuarioOu404() must be of the type int or null, string given, called in /var/www/html/sistemaFood/app/Controllers/Admin/Usuarios.php on line 112
in APPPATH/Controllers/Admin/Usuarios.php on line 259.
 1 APPPATH/Controllers/Admin/Usuarios.php(112): App\Controllers\Admin\Usuarios->buscaUsuarioOu404()
 2 SYSTEMPATH/CodeIgniter.php(904): App\Controllers\Admin\Usuarios->show()
 3 SYSTEMPATH/CodeIgniter.php(457): CodeIgniter\CodeIgniter->runController()
 4 SYSTEMPATH/CodeIgniter.php(340): CodeIgniter\CodeIgniter->handleRequest()
 5 FCPATH/index.php(67): CodeIgniter\CodeIgniter->run()
 6 SYSTEMPATH/Commands/Server/rewrite.php(43): require_once('FCPATH/index.php')
CRITICAL - 2022-09-06 13:40:08 --> Argument 1 passed to App\Controllers\Admin\Usuarios::buscaUsuarioOu404() must be of the type int or null, string given, called in /var/www/html/sistemaFood/app/Controllers/Admin/Usuarios.php on line 112
in APPPATH/Controllers/Admin/Usuarios.php on line 259.
 1 APPPATH/Controllers/Admin/Usuarios.php(112): App\Controllers\Admin\Usuarios->buscaUsuarioOu404()
 2 SYSTEMPATH/CodeIgniter.php(904): App\Controllers\Admin\Usuarios->show()
 3 SYSTEMPATH/CodeIgniter.php(457): CodeIgniter\CodeIgniter->runController()
 4 SYSTEMPATH/CodeIgniter.php(340): CodeIgniter\CodeIgniter->handleRequest()
 5 FCPATH/index.php(67): CodeIgniter\CodeIgniter->run()
 6 SYSTEMPATH/Commands/Server/rewrite.php(43): require_once('FCPATH/index.php')
